Using pre-set license
Built from '2020.2/release' branch; Version is '2020.2.2f1 (068178b99f32) revision 426360'; Using compiler version '192528614'; Build Type 'Release'
OS: 'Windows 10 Home; OS build 19042.1415; Version 2009; 64bit' Language: 'en' Physical Memory: 12191 MB
BatchMode: 1, IsHumanControllingUs: 0, StartBugReporterOnCrash: 0, Is64bit: 1, IsPro: 0

 COMMAND LINE ARGUMENTS:
C:\Program Files\Unity\Hub\Editor\2020.2.2f1\Editor\Unity.exe
-adb2
-batchMode
-noUpm
-name
AssetImportWorker0
-projectPath
C:/Users/jed/Documents/Unity Tests/Warmup/Drakes.I
-logFile
Logs/AssetImportWorker0.log
-srvPort
49804
Successfully changed project path to: C:/Users/jed/Documents/Unity Tests/Warmup/Drakes.I
C:/Users/jed/Documents/Unity Tests/Warmup/Drakes.I
Using Asset Import Pipeline V2.
Refreshing native plugins compatible for Editor in 78.55 ms, found 0 plugins.
Preloading 0 native plugins for Editor in 0.00 ms.
Initialize engine version: 2020.2.2f1 (068178b99f32)
[Subsystems] Discovering subsystems at path C:/Program Files/Unity/Hub/Editor/2020.2.2f1/Editor/Data/Resources/UnitySubsystems
[Subsystems] Discovering subsystems at path C:/Users/jed/Documents/Unity Tests/Warmup/Drakes.I/Assets
GfxDevice: creating device client; threaded=0
Direct3D:
    Version:  Direct3D 11.0 [level 11.1]
    Renderer: Intel(R) HD Graphics 4600 (ID=0x416)
    Vendor:   
    VRAM:     2048 MB
    Driver:   20.19.15.4835
Initialize mono
Mono path[0] = 'C:/Program Files/Unity/Hub/Editor/2020.2.2f1/Editor/Data/Managed'
Mono path[1] = 'C:/Program Files/Unity/Hub/Editor/2020.2.2f1/Editor/Data/MonoBleedingEdge/lib/mono/unityjit'
Mono config path = 'C:/Program Files/Unity/Hub/Editor/2020.2.2f1/Editor/Data/MonoBleedingEdge/etc'
Using monoOptions --debugger-agent=transport=dt_socket,embedding=1,server=y,suspend=n,address=127.0.0.1:56204
Begin MonoManager ReloadAssembly
Registering precompiled unity dll's ...
Register platform support module: C:/Program Files/Unity/Hub/Editor/2020.2.2f1/Editor/Data/PlaybackEngines/WindowsStandaloneSupport/UnityEditor.WindowsStandalone.Extensions.dll
Registered in 0.002279 seconds.
Native extension for WindowsStandalone target not found
Refreshing native plugins compatible for Editor in 51.20 ms, found 0 plugins.
Preloading 0 native plugins for Editor in 0.00 ms.
Invoked RoslynAnalysisRunner static constructor.
RoslynAnalysisRunner will not be running.
RoslynAnalysisRunner has terminated.
Mono: successfully reloaded assembly
- Completed reload, in  1.582 seconds
Platform modules already initialized, skipping
Registering precompiled user dll's ...
Registered in 0.001639 seconds.
Begin MonoManager ReloadAssembly
Native extension for WindowsStandalone target not found
Refreshing native plugins compatible for Editor in 54.46 ms, found 0 plugins.
Preloading 0 native plugins for Editor in 0.00 ms.
Invoked RoslynAnalysisRunner static constructor.
RoslynAnalysisRunner will not be running.
RoslynAnalysisRunner has terminated.
Mono: successfully reloaded assembly
- Completed reload, in  1.336 seconds
Platform modules already initialized, skipping
========================================================================
Worker process is ready to serve import requests
Shader 'Universal Render Pipeline/Particles/Lit': fallback shader 'Universal Render Pipeline/Particles/SimpleLit' not found
Shader 'Universal Render Pipeline/Particles/Lit': fallback shader 'Universal Render Pipeline/Particles/SimpleLit' not found
Launched and connected shader compiler UnityShaderCompiler.exe after 0.06 seconds
Refreshing native plugins compatible for Editor in 0.69 ms, found 0 plugins.
Preloading 0 native plugins for Editor in 0.00 ms.
Unloading 2397 Unused Serialized files (Serialized files now loaded: 0)
System memory in use before: 111.9 MB.
System memory in use after: 109.9 MB.

Unloading 45 unused Assets to reduce memory usage. Loaded Objects now: 2802.
Total: 6.308700 ms (FindLiveObjects: 0.527800 ms CreateObjectMapping: 0.311900 ms MarkObjects: 3.255600 ms  DeleteObjects: 2.211300 ms)

========================================================================
Received Import Request.
  path: Assets/Materials
  artifactKey: Guid(d0234ba368eeec9418390da711bfdad0) Importer(815301076,1909f56bfc062723c751e8b465ee728b)
Start importing Assets/Materials using Guid(d0234ba368eeec9418390da711bfdad0) Importer(815301076,1909f56bfc062723c751e8b465ee728b)  -> (artifact id: 'c5901edc3ef46c8d6d3d4ca7ae6cac85') in 0.022857 seconds
  Import took 0.030005 seconds .

========================================================================
Received Import Request.
  Time since last request: 0.000308 seconds.
  path: Assets/ExampleAssets
  artifactKey: Guid(990f5c2df70993f4987a388ca178996a) Importer(815301076,1909f56bfc062723c751e8b465ee728b)
Start importing Assets/ExampleAssets using Guid(990f5c2df70993f4987a388ca178996a) Importer(815301076,1909f56bfc062723c751e8b465ee728b)  -> (artifact id: '96d3660c851a936f9abba56a0b74ff17') in 0.010708 seconds
  Import took 0.019193 seconds .

========================================================================
Received Import Request.
  Time since last request: 4.528526 seconds.
  path: Assets/Scripts/SimpleCameraController.cs
  artifactKey: Guid(be76e5f14cfee674cb30b491fb72b09b) Importer(815301076,1909f56bfc062723c751e8b465ee728b)
Start importing Assets/Scripts/SimpleCameraController.cs using Guid(be76e5f14cfee674cb30b491fb72b09b) Importer(815301076,1909f56bfc062723c751e8b465ee728b)  -> (artifact id: '693e0ea9ff0d53e2a2cbee9a2257e979') in 0.237822 seconds
  Import took 0.244645 seconds .

========================================================================
Received Import Request.
  Time since last request: 0.931457 seconds.
  path: Assets/Settings
  artifactKey: Guid(0735c275001a2c84dafdb30deced5d8d) Importer(815301076,1909f56bfc062723c751e8b465ee728b)
Start importing Assets/Settings using Guid(0735c275001a2c84dafdb30deced5d8d) Importer(815301076,1909f56bfc062723c751e8b465ee728b)  -> (artifact id: 'c63e7255c92c12136d3f15f8987d653b') in 0.017958 seconds
  Import took 0.026145 seconds .

========================================================================
Received Import Request.
  Time since last request: 418.615145 seconds.
  path: Assets/Scenes
  artifactKey: Guid(ac18bcba56ebf744c87f5ca6cb05d318) Importer(815301076,1909f56bfc062723c751e8b465ee728b)
Start importing Assets/Scenes using Guid(ac18bcba56ebf744c87f5ca6cb05d318) Importer(815301076,1909f56bfc062723c751e8b465ee728b)  -> (artifact id: 'b3943bb38be94916a4ba23f5c81392f5') in 0.017968 seconds
  Import took 0.027225 seconds .

========================================================================
Received Import Request.
  Time since last request: 123.016505 seconds.
  path: Assets/ExampleAssets/Materials
  artifactKey: Guid(ffd318dbb37362c4f8d87863d082b2fd) Importer(815301076,1909f56bfc062723c751e8b465ee728b)
Start importing Assets/ExampleAssets/Materials using Guid(ffd318dbb37362c4f8d87863d082b2fd) Importer(815301076,1909f56bfc062723c751e8b465ee728b)  -> (artifact id: 'c6ab27e7f690f84c4ea79a2c2e0b5c58') in 0.008725 seconds
  Import took 0.017153 seconds .

========================================================================
Received Import Request.
  Time since last request: 5.978150 seconds.
  path: Assets/Scenes/Main.unity
  artifactKey: Guid(f38e4818121ce9f46810239ab059e6bd) Importer(815301076,1909f56bfc062723c751e8b465ee728b)
Start importing Assets/Scenes/Main.unity using Guid(f38e4818121ce9f46810239ab059e6bd) Importer(815301076,1909f56bfc062723c751e8b465ee728b)  -> (artifact id: '8ad58ed62c55ae4005614ed58a08a5b0') in 0.031297 seconds
  Import took 0.037106 seconds .

========================================================================
Received Import Request.
  Time since last request: 3.280088 seconds.
  path: Assets/Scenes/Main 1.unity
  artifactKey: Guid(5ee17c84f178b8d4a905f06c3fcfd1b9) Importer(815301076,1909f56bfc062723c751e8b465ee728b)
Start importing Assets/Scenes/Main 1.unity using Guid(5ee17c84f178b8d4a905f06c3fcfd1b9) Importer(815301076,1909f56bfc062723c751e8b465ee728b)  -> (artifact id: '789450606d1edc1097dcd4b1529120b1') in 0.014004 seconds
  Import took 0.021622 seconds .

========================================================================
Received Import Request.
  Time since last request: 13.604515 seconds.
  path: Assets/Scenes/Battle.unity
  artifactKey: Guid(5ee17c84f178b8d4a905f06c3fcfd1b9) Importer(815301076,1909f56bfc062723c751e8b465ee728b)
Start importing Assets/Scenes/Battle.unity using Guid(5ee17c84f178b8d4a905f06c3fcfd1b9) Importer(815301076,1909f56bfc062723c751e8b465ee728b)  -> (artifact id: 'f59f42de8ec21d6b25658183df02186f') in 0.013282 seconds
  Import took 0.020793 seconds .

========================================================================
Received Import Request.
  Time since last request: 2181.693273 seconds.
  path: Assets
  artifactKey: Guid(00000000000000001000000000000000) Importer(815301076,1909f56bfc062723c751e8b465ee728b)
Start importing Assets using Guid(00000000000000001000000000000000) Importer(815301076,1909f56bfc062723c751e8b465ee728b)  -> (artifact id: '4a6e520b92ccfc61bcfa21a7bcab8468') in 0.023513 seconds
  Import took 0.032976 seconds .

========================================================================
Received Import Request.
  Time since last request: 24.849260 seconds.
  path: Assets/Prefabs
  artifactKey: Guid(4bc1a7d1d0210e044ad049806db8b084) Importer(815301076,1909f56bfc062723c751e8b465ee728b)
Start importing Assets/Prefabs using Guid(4bc1a7d1d0210e044ad049806db8b084) Importer(815301076,1909f56bfc062723c751e8b465ee728b)  -> (artifact id: 'aa4f7663dde2f3ae79734a74b24854f3') in 0.013161 seconds
  Import took 0.019982 seconds .

========================================================================
Received Import Request.
  Time since last request: 39.746975 seconds.
  path: Assets/Scripts
  artifactKey: Guid(02a3527b6b33a924e8ec66aa805ea717) Importer(815301076,1909f56bfc062723c751e8b465ee728b)
Start importing Assets/Scripts using Guid(02a3527b6b33a924e8ec66aa805ea717) Importer(815301076,1909f56bfc062723c751e8b465ee728b)  -> (artifact id: '924e43eeedbc414cd7a4a7272521ccfb') in 0.016147 seconds
  Import took 0.022909 seconds .

========================================================================
Received Import Request.
  Time since last request: 30.957294 seconds.
  path: Assets/Scripts/BattleInfoBoxHandler.cs
  artifactKey: Guid(35657b152be05c2409199e92c650d617) Importer(815301076,1909f56bfc062723c751e8b465ee728b)
Start importing Assets/Scripts/BattleInfoBoxHandler.cs using Guid(35657b152be05c2409199e92c650d617) Importer(815301076,1909f56bfc062723c751e8b465ee728b)  -> (artifact id: '239dc4b4df01f37fdd4875171dff1f28') in 0.011320 seconds
  Import took 0.018597 seconds .

========================================================================
Received Prepare
Registering precompiled user dll's ...
Registered in 0.001614 seconds.
Begin MonoManager ReloadAssembly
Native extension for WindowsStandalone target not found
Refreshing native plugins compatible for Editor in 0.91 ms, found 0 plugins.
Preloading 0 native plugins for Editor in 0.00 ms.
Invoked RoslynAnalysisRunner static constructor.
RoslynAnalysisRunner will not be running.
RoslynAnalysisRunner has terminated.
Mono: successfully reloaded assembly
- Completed reload, in  1.198 seconds
Platform modules already initialized, skipping
Shader 'Universal Render Pipeline/Particles/Lit': fallback shader 'Universal Render Pipeline/Particles/SimpleLit' not found
Shader 'Universal Render Pipeline/Particles/Lit': fallback shader 'Universal Render Pipeline/Particles/SimpleLit' not found
Refreshing native plugins compatible for Editor in 1.11 ms, found 0 plugins.
Preloading 0 native plugins for Editor in 0.00 ms.
Unloading 2323 Unused Serialized files (Serialized files now loaded: 0)
System memory in use before: 109.0 MB.
System memory in use after: 106.9 MB.

Unloading 40 unused Assets to reduce memory usage. Loaded Objects now: 2805.
Total: 6.794900 ms (FindLiveObjects: 0.383800 ms CreateObjectMapping: 0.161700 ms MarkObjects: 3.984700 ms  DeleteObjects: 2.262300 ms)

========================================================================
Received Import Request.
  Time since last request: 586.823026 seconds.
  path: Assets/Scripts/PartyInfo.cs
  artifactKey: Guid(61eacde9b73829c4eba999c1128d2680) Importer(815301076,1909f56bfc062723c751e8b465ee728b)
Start importing Assets/Scripts/PartyInfo.cs using Guid(61eacde9b73829c4eba999c1128d2680) Importer(815301076,1909f56bfc062723c751e8b465ee728b)  -> (artifact id: '252069d6220db20e19458dce4f951436') in 0.037175 seconds
  Import took 0.050285 seconds .

========================================================================
Received Prepare
Registering precompiled user dll's ...
Registered in 0.002567 seconds.
Begin MonoManager ReloadAssembly
Native extension for WindowsStandalone target not found
Refreshing native plugins compatible for Editor in 0.56 ms, found 0 plugins.
Preloading 0 native plugins for Editor in 0.00 ms.
Invoked RoslynAnalysisRunner static constructor.
RoslynAnalysisRunner will not be running.
RoslynAnalysisRunner has terminated.
Mono: successfully reloaded assembly
- Completed reload, in  1.179 seconds
Platform modules already initialized, skipping
Shader 'Universal Render Pipeline/Particles/Lit': fallback shader 'Universal Render Pipeline/Particles/SimpleLit' not found
Shader 'Universal Render Pipeline/Particles/Lit': fallback shader 'Universal Render Pipeline/Particles/SimpleLit' not found
Refreshing native plugins compatible for Editor in 1.16 ms, found 0 plugins.
Preloading 0 native plugins for Editor in 0.00 ms.
Unloading 2324 Unused Serialized files (Serialized files now loaded: 0)
System memory in use before: 110.0 MB.
System memory in use after: 108.0 MB.

Unloading 40 unused Assets to reduce memory usage. Loaded Objects now: 2808.
Total: 6.587100 ms (FindLiveObjects: 0.602200 ms CreateObjectMapping: 0.362300 ms MarkObjects: 3.244900 ms  DeleteObjects: 2.375100 ms)

========================================================================
Received Import Request.
  Time since last request: 406.919398 seconds.
  path: Assets/Scripts/DataSaver.cs
  artifactKey: Guid(4904a12218110b54cadbdfd523ebc94f) Importer(815301076,1909f56bfc062723c751e8b465ee728b)
Start importing Assets/Scripts/DataSaver.cs using Guid(4904a12218110b54cadbdfd523ebc94f) Importer(815301076,1909f56bfc062723c751e8b465ee728b)  -> (artifact id: '622409666620fef431254a8e0314b4fc') in 0.066855 seconds
  Import took 0.076174 seconds .

========================================================================
Received Prepare
Registering precompiled user dll's ...
Registered in 0.002256 seconds.
Begin MonoManager ReloadAssembly
Native extension for WindowsStandalone target not found
Refreshing native plugins compatible for Editor in 0.46 ms, found 0 plugins.
Preloading 0 native plugins for Editor in 0.00 ms.
Invoked RoslynAnalysisRunner static constructor.
RoslynAnalysisRunner will not be running.
RoslynAnalysisRunner has terminated.
Mono: successfully reloaded assembly
- Completed reload, in  1.257 seconds
Platform modules already initialized, skipping
Shader 'Universal Render Pipeline/Particles/Lit': fallback shader 'Universal Render Pipeline/Particles/SimpleLit' not found
Shader 'Universal Render Pipeline/Particles/Lit': fallback shader 'Universal Render Pipeline/Particles/SimpleLit' not found
Refreshing native plugins compatible for Editor in 11.31 ms, found 0 plugins.
Preloading 0 native plugins for Editor in 0.00 ms.
Unloading 2325 Unused Serialized files (Serialized files now loaded: 0)
System memory in use before: 110.1 MB.
System memory in use after: 108.0 MB.

Unloading 40 unused Assets to reduce memory usage. Loaded Objects now: 2811.
Total: 6.511900 ms (FindLiveObjects: 0.388500 ms CreateObjectMapping: 0.154500 ms MarkObjects: 3.415100 ms  DeleteObjects: 2.551600 ms)

========================================================================
Received Import Request.
  Time since last request: 1187.335372 seconds.
  path: Assets/Scripts/DataSaver.cs
  artifactKey: Guid(4904a12218110b54cadbdfd523ebc94f) Importer(815301076,1909f56bfc062723c751e8b465ee728b)
Start importing Assets/Scripts/DataSaver.cs using Guid(4904a12218110b54cadbdfd523ebc94f) Importer(815301076,1909f56bfc062723c751e8b465ee728b)  -> (artifact id: 'beb453b98457e9ae20b6e994c966e459') in 0.026124 seconds
  Import took 0.032915 seconds .

========================================================================
Received Prepare
Registering precompiled user dll's ...
Registered in 0.001574 seconds.
Begin MonoManager ReloadAssembly
Native extension for WindowsStandalone target not found
Refreshing native plugins compatible for Editor in 0.46 ms, found 0 plugins.
Preloading 0 native plugins for Editor in 0.00 ms.
Invoked RoslynAnalysisRunner static constructor.
RoslynAnalysisRunner will not be running.
RoslynAnalysisRunner has terminated.
Mono: successfully reloaded assembly
- Completed reload, in  1.175 seconds
Platform modules already initialized, skipping
Shader 'Universal Render Pipeline/Particles/Lit': fallback shader 'Universal Render Pipeline/Particles/SimpleLit' not found
Shader 'Universal Render Pipeline/Particles/Lit': fallback shader 'Universal Render Pipeline/Particles/SimpleLit' not found
Refreshing native plugins compatible for Editor in 0.79 ms, found 0 plugins.
Preloading 0 native plugins for Editor in 0.00 ms.
Unloading 2325 Unused Serialized files (Serialized files now loaded: 0)
System memory in use before: 110.1 MB.
System memory in use after: 108.0 MB.

Unloading 40 unused Assets to reduce memory usage. Loaded Objects now: 2813.
Total: 6.869500 ms (FindLiveObjects: 0.397300 ms CreateObjectMapping: 0.141100 ms MarkObjects: 3.999700 ms  DeleteObjects: 2.329000 ms)

